<?xml version="1.0" encoding="UTF-8"?>
<!-- Generated by org.testng.reporters.JUnitReportReporter -->
<testsuite hostname="LAPTOP-ERDK0JKG" failures="0" tests="1" name="com.hugenx.runner.LoginTest" time="20.055" errors="0" timestamp="2024-02-29T00:50:30 IST" skipped="0">
  <testcase classname="com.hugenx.runner.LoginTest" name="loginInToTheApplication" time="20.055"/>
</testsuite> <!-- com.hugenx.runner.LoginTest -->
