<?xml version="1.0" encoding="UTF-8"?>
<!-- Generated by org.testng.reporters.JUnitReportReporter -->
<testsuite hostname="LT-WIN-L65" failures="0" tests="1" name="com.hugenx.runner.LoginTest" time="5.496" errors="0" timestamp="2024-09-12T03:20:12 IST" skipped="0">
  <testcase classname="com.hugenx.runner.LoginTest" name="loginInToTheApplication" time="5.496"/>
</testsuite> <!-- com.hugenx.runner.LoginTest -->
